2019-08-10 09:56:40.293  INFO 2108 --- [main] com.tyf.mqas.MqasApplication             : Starting MqasApplication on DESKTOP-4AFTBMJ with PID 2108 (E:\ideaProject\mqas\target\classes started by Administrator in E:\ideaProject\mqas)
2019-08-10 09:56:40.324  INFO 2108 --- [main] com.tyf.mqas.MqasApplication             : No active profile set, falling back to default profiles: default
2019-08-10 09:56:43.824  INFO 2108 --- [main] .s.d.r.c.RepositoryConfigurationDelegate : Bootstrapping Spring Data repositories in DEFAULT mode.
2019-08-10 09:56:43.949  INFO 2108 --- [main] .s.d.r.c.RepositoryConfigurationDelegate : Finished Spring Data repository scanning in 110ms. Found 3 repository interfaces.
2019-08-10 09:56:44.645  INFO 2108 --- [main] trationDelegate$BeanPostProcessorChecker : Bean 'org.springframework.transaction.annotation.ProxyTransactionManagementConfiguration' of type [org.springframework.transaction.annotation.ProxyTransactionManagementConfiguration$$EnhancerBySpringCGLIB$$3d3d0b06] is not eligible for getting processed by all BeanPostProcessors (for example: not eligible for auto-proxying)
2019-08-10 09:56:45.160  INFO 2108 --- [main] o.s.b.w.embedded.tomcat.TomcatWebServer  : Tomcat initialized with port(s): 8085 (http)
2019-08-10 09:56:45.207  INFO 2108 --- [main] o.apache.catalina.core.StandardService   : Starting service [Tomcat]
2019-08-10 09:56:45.207  INFO 2108 --- [main] org.apache.catalina.core.StandardEngine  : Starting Servlet engine: [Apache Tomcat/9.0.21]
2019-08-10 09:56:45.723  INFO 2108 --- [main] o.a.c.c.C.[Tomcat].[localhost].[/]       : Initializing Spring embedded WebApplicationContext
2019-08-10 09:56:45.723  INFO 2108 --- [main] o.s.web.context.ContextLoader            : Root WebApplicationContext: initialization completed in 5102 ms
2019-08-10 09:56:46.644  INFO 2108 --- [main] com.alibaba.druid.pool.DruidDataSource   : {dataSource-1} inited
2019-08-10 09:56:47.254  INFO 2108 --- [main] o.hibernate.jpa.internal.util.LogHelper  : HHH000204: Processing PersistenceUnitInfo [
	name: default
	...]
2019-08-10 09:56:47.535  INFO 2108 --- [main] org.hibernate.Version                    : HHH000412: Hibernate Core {5.3.10.Final}
2019-08-10 09:56:47.535  INFO 2108 --- [main] org.hibernate.cfg.Environment            : HHH000206: hibernate.properties not found
2019-08-10 09:56:48.051  INFO 2108 --- [main] o.hibernate.annotations.common.Version   : HCANN000001: Hibernate Commons Annotations {5.0.4.Final}
2019-08-10 09:56:49.785  INFO 2108 --- [main] org.hibernate.dialect.Dialect            : HHH000400: Using dialect: org.hibernate.dialect.MySQL5Dialect
2019-08-10 09:56:51.441  INFO 2108 --- [main] j.LocalContainerEntityManagerFactoryBean : Initialized JPA EntityManagerFactory for persistence unit 'default'
2019-08-10 09:56:51.832  WARN 2108 --- [main] c.t.m.c.s.SysFilterSecurityInterceptor   : Could not validate configuration attributes as the SecurityMetadataSource did not return any attributes from getAllConfigAttributes()
2019-08-10 09:56:51.894  INFO 2108 --- [main] c.t.m.c.s.SysFilterSecurityInterceptor   : 初始化security拦截器
2019-08-10 09:56:52.144  INFO 2108 --- [main] com.tyf.mqas.config.webMvc.MvcConfig     : ********************加载WebConfig************************* 
2019-08-10 09:56:52.410  INFO 2108 --- [main] o.s.s.web.DefaultSecurityFilterChain     : Creating filter chain: Ant [pattern='/js/**'], []
2019-08-10 09:56:52.410  INFO 2108 --- [main] o.s.s.web.DefaultSecurityFilterChain     : Creating filter chain: Ant [pattern='/css/**'], []
2019-08-10 09:56:52.410  INFO 2108 --- [main] o.s.s.web.DefaultSecurityFilterChain     : Creating filter chain: Ant [pattern='/fonts/**'], []
2019-08-10 09:56:52.410  INFO 2108 --- [main] o.s.s.web.DefaultSecurityFilterChain     : Creating filter chain: Ant [pattern='/img/**'], []
2019-08-10 09:56:52.410  INFO 2108 --- [main] o.s.s.web.DefaultSecurityFilterChain     : Creating filter chain: Ant [pattern='/font-awesome/**'], []
2019-08-10 09:56:52.410  INFO 2108 --- [main] o.s.s.web.DefaultSecurityFilterChain     : Creating filter chain: Ant [pattern='/email_templates/**'], []
2019-08-10 09:56:52.441  INFO 2108 --- [main] o.s.s.web.DefaultSecurityFilterChain     : Creating filter chain: any request, [org.springframework.security.web.context.request.async.WebAsyncManagerIntegrationFilter@5e24592e, org.springframework.security.web.context.SecurityContextPersistenceFilter@49889154, org.springframework.security.web.header.HeaderWriterFilter@69ba3f4e, org.springframework.security.web.csrf.CsrfFilter@44bbb7c6, org.springframework.security.web.authentication.logout.LogoutFilter@300bb303, org.springframework.security.web.authentication.UsernamePasswordAuthenticationFilter@1f45db49, org.springframework.security.web.savedrequest.RequestCacheAwareFilter@45d7495e, org.springframework.security.web.servletapi.SecurityContextHolderAwareRequestFilter@368424db, org.springframework.security.web.authentication.AnonymousAuthenticationFilter@6f0a4e30, org.springframework.security.web.session.SessionManagementFilter@a826ff8, org.springframework.security.web.access.ExceptionTranslationFilter@6ea66c33, com.tyf.mqas.config.security.SysFilterSecurityInterceptor@611c3eae, org.springframework.security.web.access.intercept.FilterSecurityInterceptor@4abbe41c]
2019-08-10 09:56:52.519  WARN 2108 --- [main] aWebConfiguration$JpaWebMvcConfiguration : spring.jpa.open-in-view is enabled by default. Therefore, database queries may be performed during view rendering. Explicitly configure spring.jpa.open-in-view to disable this warning
2019-08-10 09:56:53.191  WARN 2108 --- [main] org.thymeleaf.templatemode.TemplateMode  : [THYMELEAF][main] Template Mode 'HTML5' is deprecated. Using Template Mode 'HTML' instead.
2019-08-10 09:56:53.269  INFO 2108 --- [main] o.s.b.w.embedded.tomcat.TomcatWebServer  : Tomcat started on port(s): 8085 (http) with context path ''
2019-08-10 09:56:53.363  INFO 2108 --- [main] o.s.b.w.embedded.tomcat.TomcatWebServer  : Tomcat initialized with port(s): 8084 (http)
2019-08-10 09:56:53.363  INFO 2108 --- [main] o.apache.catalina.core.StandardService   : Starting service [Tomcat]
2019-08-10 09:56:53.363  INFO 2108 --- [main] org.apache.catalina.core.StandardEngine  : Starting Servlet engine: [Apache Tomcat/9.0.21]
2019-08-10 09:56:53.394  INFO 2108 --- [main] o.a.c.c.C.[Tomcat-1].[localhost].[/]     : Initializing Spring embedded WebApplicationContext
2019-08-10 09:56:53.394  INFO 2108 --- [main] o.s.web.context.ContextLoader            : Root WebApplicationContext: initialization completed in 125 ms
2019-08-10 09:56:53.425  INFO 2108 --- [main] o.s.b.a.e.web.EndpointLinksResolver      : Exposing 2 endpoint(s) beneath base path '/actuator'
2019-08-10 09:56:53.472  INFO 2108 --- [main] o.s.b.w.embedded.tomcat.TomcatWebServer  : Tomcat started on port(s): 8084 (http) with context path ''
2019-08-10 09:56:53.472  INFO 2108 --- [main] com.tyf.mqas.MqasApplication             : Started MqasApplication in 15.163 seconds (JVM running for 20.514)
2019-08-10 09:56:55.363  INFO 2108 --- [RMI TCP Connection(6)-192.168.1.114] o.a.c.c.C.[Tomcat].[localhost].[/]       : Initializing Spring DispatcherServlet 'dispatcherServlet'
2019-08-10 09:56:55.363  INFO 2108 --- [RMI TCP Connection(6)-192.168.1.114] o.s.web.servlet.DispatcherServlet        : Initializing Servlet 'dispatcherServlet'
2019-08-10 09:56:55.363  INFO 2108 --- [RMI TCP Connection(6)-192.168.1.114] o.s.web.servlet.DispatcherServlet        : Completed initialization in 0 ms
2019-08-10 09:57:51.193  INFO 2108 --- [http-nio-8085-exec-1] o.h.h.i.QueryTranslatorFactoryInitiator  : HHH000397: Using ASTQueryTranslatorFactory
2019-08-10 09:57:56.771  INFO 2108 --- [http-nio-8085-exec-1] .t.m.c.s.SysAuthenticationSuccessHandler : 用户-tyf-登录成功!
2019-08-10 10:10:51.296  INFO 3852 --- [main] com.tyf.mqas.MqasApplication             : Starting MqasApplication on DESKTOP-4AFTBMJ with PID 3852 (E:\ideaProject\mqas\target\classes started by Administrator in E:\ideaProject\mqas)
2019-08-10 10:10:51.299  INFO 3852 --- [main] com.tyf.mqas.MqasApplication             : No active profile set, falling back to default profiles: default
2019-08-10 10:10:52.324  INFO 3852 --- [main] .s.d.r.c.RepositoryConfigurationDelegate : Bootstrapping Spring Data repositories in DEFAULT mode.
2019-08-10 10:10:52.399  INFO 3852 --- [main] .s.d.r.c.RepositoryConfigurationDelegate : Finished Spring Data repository scanning in 69ms. Found 3 repository interfaces.
2019-08-10 10:10:52.712  INFO 3852 --- [main] trationDelegate$BeanPostProcessorChecker : Bean 'org.springframework.transaction.annotation.ProxyTransactionManagementConfiguration' of type [org.springframework.transaction.annotation.ProxyTransactionManagementConfiguration$$EnhancerBySpringCGLIB$$d50bbbda] is not eligible for getting processed by all BeanPostProcessors (for example: not eligible for auto-proxying)
2019-08-10 10:10:53.149  INFO 3852 --- [main] o.s.b.w.embedded.tomcat.TomcatWebServer  : Tomcat initialized with port(s): 8085 (http)
2019-08-10 10:10:53.169  INFO 3852 --- [main] o.apache.catalina.core.StandardService   : Starting service [Tomcat]
2019-08-10 10:10:53.170  INFO 3852 --- [main] org.apache.catalina.core.StandardEngine  : Starting Servlet engine: [Apache Tomcat/9.0.21]
2019-08-10 10:10:53.294  INFO 3852 --- [main] o.a.c.c.C.[Tomcat].[localhost].[/]       : Initializing Spring embedded WebApplicationContext
2019-08-10 10:10:53.294  INFO 3852 --- [main] o.s.web.context.ContextLoader            : Root WebApplicationContext: initialization completed in 1907 ms
2019-08-10 10:10:53.712  INFO 3852 --- [main] com.alibaba.druid.pool.DruidDataSource   : {dataSource-1} inited
2019-08-10 10:10:53.840  INFO 3852 --- [main] o.hibernate.jpa.internal.util.LogHelper  : HHH000204: Processing PersistenceUnitInfo [
	name: default
	...]
2019-08-10 10:10:53.896  INFO 3852 --- [main] org.hibernate.Version                    : HHH000412: Hibernate Core {5.3.10.Final}
2019-08-10 10:10:53.898  INFO 3852 --- [main] org.hibernate.cfg.Environment            : HHH000206: hibernate.properties not found
2019-08-10 10:10:54.023  INFO 3852 --- [main] o.hibernate.annotations.common.Version   : HCANN000001: Hibernate Commons Annotations {5.0.4.Final}
2019-08-10 10:10:54.266  INFO 3852 --- [main] org.hibernate.dialect.Dialect            : HHH000400: Using dialect: org.hibernate.dialect.MySQL5Dialect
2019-08-10 10:10:54.947  INFO 3852 --- [main] j.LocalContainerEntityManagerFactoryBean : Initialized JPA EntityManagerFactory for persistence unit 'default'
2019-08-10 10:10:55.181  WARN 3852 --- [main] c.t.m.c.s.SysFilterSecurityInterceptor   : Could not validate configuration attributes as the SecurityMetadataSource did not return any attributes from getAllConfigAttributes()
2019-08-10 10:10:55.212  INFO 3852 --- [main] c.t.m.c.s.SysFilterSecurityInterceptor   : 初始化security拦截器
2019-08-10 10:10:55.353  INFO 3852 --- [main] com.tyf.mqas.config.webMvc.MvcConfig     : ********************加载WebConfig************************* 
2019-08-10 10:10:55.462  INFO 3852 --- [main] o.s.s.web.DefaultSecurityFilterChain     : Creating filter chain: Ant [pattern='/js/**'], []
2019-08-10 10:10:55.462  INFO 3852 --- [main] o.s.s.web.DefaultSecurityFilterChain     : Creating filter chain: Ant [pattern='/css/**'], []
2019-08-10 10:10:55.462  INFO 3852 --- [main] o.s.s.web.DefaultSecurityFilterChain     : Creating filter chain: Ant [pattern='/fonts/**'], []
2019-08-10 10:10:55.462  INFO 3852 --- [main] o.s.s.web.DefaultSecurityFilterChain     : Creating filter chain: Ant [pattern='/img/**'], []
2019-08-10 10:10:55.462  INFO 3852 --- [main] o.s.s.web.DefaultSecurityFilterChain     : Creating filter chain: Ant [pattern='/font-awesome/**'], []
2019-08-10 10:10:55.462  INFO 3852 --- [main] o.s.s.web.DefaultSecurityFilterChain     : Creating filter chain: Ant [pattern='/email_templates/**'], []
2019-08-10 10:10:55.494  INFO 3852 --- [main] o.s.s.web.DefaultSecurityFilterChain     : Creating filter chain: any request, [org.springframework.security.web.context.request.async.WebAsyncManagerIntegrationFilter@628ba266, org.springframework.security.web.context.SecurityContextPersistenceFilter@2037f12b, org.springframework.security.web.header.HeaderWriterFilter@4e7bc939, org.springframework.security.web.csrf.CsrfFilter@74c7522c, org.springframework.security.web.authentication.logout.LogoutFilter@67a8bcbb, org.springframework.security.web.authentication.UsernamePasswordAuthenticationFilter@75e0a54c, org.springframework.security.web.savedrequest.RequestCacheAwareFilter@a9e8da1, org.springframework.security.web.servletapi.SecurityContextHolderAwareRequestFilter@1f45db49, org.springframework.security.web.authentication.AnonymousAuthenticationFilter@1231a1be, org.springframework.security.web.session.SessionManagementFilter@6fc1a8f6, org.springframework.security.web.access.ExceptionTranslationFilter@62cd562d, com.tyf.mqas.config.security.SysFilterSecurityInterceptor@b01cb8d, org.springframework.security.web.access.intercept.FilterSecurityInterceptor@e162a35]
2019-08-10 10:10:55.525  WARN 3852 --- [main] aWebConfiguration$JpaWebMvcConfiguration : spring.jpa.open-in-view is enabled by default. Therefore, database queries may be performed during view rendering. Explicitly configure spring.jpa.open-in-view to disable this warning
2019-08-10 10:10:55.978  WARN 3852 --- [main] org.thymeleaf.templatemode.TemplateMode  : [THYMELEAF][main] Template Mode 'HTML5' is deprecated. Using Template Mode 'HTML' instead.
2019-08-10 10:10:56.056  INFO 3852 --- [main] o.s.b.w.embedded.tomcat.TomcatWebServer  : Tomcat started on port(s): 8085 (http) with context path ''
2019-08-10 10:10:56.134  INFO 3852 --- [main] o.s.b.w.embedded.tomcat.TomcatWebServer  : Tomcat initialized with port(s): 8084 (http)
2019-08-10 10:10:56.134  INFO 3852 --- [main] o.apache.catalina.core.StandardService   : Starting service [Tomcat]
2019-08-10 10:10:56.134  INFO 3852 --- [main] org.apache.catalina.core.StandardEngine  : Starting Servlet engine: [Apache Tomcat/9.0.21]
2019-08-10 10:10:56.165  INFO 3852 --- [main] o.a.c.c.C.[Tomcat-1].[localhost].[/]     : Initializing Spring embedded WebApplicationContext
2019-08-10 10:10:56.165  INFO 3852 --- [main] o.s.web.context.ContextLoader            : Root WebApplicationContext: initialization completed in 93 ms
2019-08-10 10:10:56.181  INFO 3852 --- [main] o.s.b.a.e.web.EndpointLinksResolver      : Exposing 2 endpoint(s) beneath base path '/actuator'
2019-08-10 10:10:56.228  INFO 3852 --- [main] o.s.b.w.embedded.tomcat.TomcatWebServer  : Tomcat started on port(s): 8084 (http) with context path ''
2019-08-10 10:10:56.228  INFO 3852 --- [main] com.tyf.mqas.MqasApplication             : Started MqasApplication in 5.479 seconds (JVM running for 6.453)
2019-08-10 10:10:57.910  INFO 3852 --- [RMI TCP Connection(5)-192.168.1.114] o.a.c.c.C.[Tomcat].[localhost].[/]       : Initializing Spring DispatcherServlet 'dispatcherServlet'
2019-08-10 10:10:57.910  INFO 3852 --- [RMI TCP Connection(5)-192.168.1.114] o.s.web.servlet.DispatcherServlet        : Initializing Servlet 'dispatcherServlet'
2019-08-10 10:10:57.910  INFO 3852 --- [RMI TCP Connection(5)-192.168.1.114] o.s.web.servlet.DispatcherServlet        : Completed initialization in 0 ms
2019-08-10 10:10:59.459  INFO 3852 --- [http-nio-8085-exec-1] o.h.h.i.QueryTranslatorFactoryInitiator  : HHH000397: Using ASTQueryTranslatorFactory
2019-08-10 10:11:06.639  INFO 3852 --- [http-nio-8085-exec-5] .t.m.c.s.SysAuthenticationSuccessHandler : 用户-tyf-登录成功!
